<?xml version="1.0" encoding="UTF-8"?>
<!-- Generated by org.testng.reporters.JUnitXMLReporter -->
<testsuite ignored="0" hostname="DESKTOP-GT53KVG" failures="1" tests="19" name="Default test" time="28.954" errors="0" timestamp="2021-11-17T14:56:29 IST">
  <testcase classname="academy.practiceproject.MainPage" name="byDefaultSelectedRadioButton" time="0.184"/>
  <testcase classname="academy.practiceproject.MainPage" name="checkMultiSelectOption" time="0.098"/>
  <testcase classname="academy.practiceproject.MainPage" name="checkallCheckbox" time="0.354"/>
  <testcase classname="academy.practiceproject.MainPage" name="countRadioButtonNumber" time="0.046"/>
  <testcase classname="academy.practiceproject.MainPage" name="dropDownOptions" time="0.07"/>
  <testcase classname="academy.practiceproject.MainPage" name="dropdownText" time="0.079"/>
  <testcase classname="academy.practiceproject.MainPage" name="getcheckboxCount" time="0.021"/>
  <testcase classname="academy.practiceproject.MainPage" name="pageTitleVerifyTest" time="0.009"/>
  <testcase classname="academy.practiceproject.MainPage" name="selectAllOption" time="10.107">
    <failure type="org.openqa.selenium.NoSuchElementException" message="Cannot locate option with value: Apple
For documentation on this error, please visit: https://www.seleniumhq.org/exceptions/no_such_element.html
Build info: version: &amp;apos;3.141.59&amp;apos;, revision: &amp;apos;e82be7d358&amp;apos;, time: &amp;apos;2018-11-14T08:17:03&amp;apos;
System info: host: &amp;apos;DESKTOP-GT53KVG&amp;apos;, ip: &amp;apos;192.168.1.198&amp;apos;, os.name: &amp;apos;Windows 10&amp;apos;, os.arch: &amp;apos;amd64&amp;apos;, os.version: &amp;apos;10.0&amp;apos;, java.version: &amp;apos;15.0.2&amp;apos;
Driver info: driver.version: unknown">
      <![CDATA[org.openqa.selenium.NoSuchElementException: Cannot locate option with value: Apple
For documentation on this error, please visit: https://www.seleniumhq.org/exceptions/no_such_element.html
Build info: version: '3.141.59', revision: 'e82be7d358', time: '2018-11-14T08:17:03'
System info: host: 'DESKTOP-GT53KVG', ip: '192.168.1.198', os.name: 'Windows 10', os.arch: 'amd64', os.version: '10.0', java.version: '15.0.2'
Driver info: driver.version: unknown
at org.openqa.selenium.support.ui.Select.findOptionsByValue(Select.java:283)
at org.openqa.selenium.support.ui.Select.selectByValue(Select.java:186)
at academy.practiceproject.MainPage.selectAllOption(MainPage.java:143)
at java.base/jdk.internal.reflect.NativeMethodAccessorImpl.invoke0(Native Method)
at java.base/jdk.internal.reflect.NativeMethodAccessorImpl.invoke(NativeMethodAccessorImpl.java:64)
at java.base/jdk.internal.reflect.DelegatingMethodAccessorImpl.invoke(DelegatingMethodAccessorImpl.java:43)
at java.base/java.lang.reflect.Method.invoke(Method.java:564)
at org.testng.internal.MethodInvocationHelper.invokeMethod(MethodInvocationHelper.java:133)
at org.testng.internal.TestInvoker.invokeMethod(TestInvoker.java:598)
at org.testng.internal.TestInvoker.invokeTestMethod(TestInvoker.java:173)
at org.testng.internal.MethodRunner.runInSequence(MethodRunner.java:46)
at org.testng.internal.TestInvoker$MethodInvocationAgent.invoke(TestInvoker.java:824)
at org.testng.internal.TestInvoker.invokeTestMethods(TestInvoker.java:146)
at org.testng.internal.TestMethodWorker.invokeTestMethods(TestMethodWorker.java:146)
at org.testng.internal.TestMethodWorker.run(TestMethodWorker.java:128)
at java.base/java.util.ArrayList.forEach(ArrayList.java:1511)
at org.testng.TestRunner.privateRun(TestRunner.java:794)
at org.testng.TestRunner.run(TestRunner.java:596)
at org.testng.SuiteRunner.runTest(SuiteRunner.java:377)
at org.testng.SuiteRunner.runSequentially(SuiteRunner.java:371)
at org.testng.SuiteRunner.privateRun(SuiteRunner.java:332)
at org.testng.SuiteRunner.run(SuiteRunner.java:276)
at org.testng.SuiteRunnerWorker.runSuite(SuiteRunnerWorker.java:53)
at org.testng.SuiteRunnerWorker.run(SuiteRunnerWorker.java:96)
at org.testng.TestNG.runSuitesSequentially(TestNG.java:1212)
at org.testng.TestNG.runSuitesLocally(TestNG.java:1134)
at org.testng.TestNG.runSuites(TestNG.java:1063)
at org.testng.TestNG.run(TestNG.java:1031)
at org.testng.remote.AbstractRemoteTestNG.run(AbstractRemoteTestNG.java:115)
at org.testng.remote.RemoteTestNG.initAndRun(RemoteTestNG.java:251)
at org.testng.remote.RemoteTestNG.main(RemoteTestNG.java:77)
]]>
    </failure>
  </testcase> <!-- selectAllOption -->
  <testcase classname="academy.practiceproject.MainPage" name="selectBMWRadionButton" time="0.232"/>
  <testcase classname="academy.practiceproject.MainPage" name="selectBenz" time="0.12"/>
  <testcase classname="academy.practiceproject.MainPage" name="selectBenzRadionButton" time="0.152"/>
  <testcase classname="academy.practiceproject.MainPage" name="selectBmw" time="0.125"/>
  <testcase classname="academy.practiceproject.MainPage" name="selectEachOption" time="0.759"/>
  <testcase classname="academy.practiceproject.MainPage" name="selectHondaRadionButton" time="0.152"/>
  <testcase classname="academy.practiceproject.MainPage" name="selecthonda" time="0.1"/>
  <testcase classname="academy.practiceproject.MainPage" name="uncheckAllCheckbox" time="0.296"/>
  <testcase classname="academy.practiceproject.MainPage" name="verifyRadioButtonLabels" time="0.115"/>
  <testcase classname="academy.practiceproject.MainPage" name="verifyUrl" time="0.01"/>
</testsuite> <!-- Default test -->
